<?xml version="1.0" encoding="UTF-8"?>
<testng-results skipped="0" failed="0" ignored="0" total="1" passed="1">
  <reporter-output>
  </reporter-output>
  <suite name="Default suite" duration-ms="30" started-at="2020-11-25T10:28:41 CST" finished-at="2020-11-25T10:28:41 CST">
    <groups>
    </groups>
    <test name="Default test" duration-ms="30" started-at="2020-11-25T10:28:41 CST" finished-at="2020-11-25T10:28:41 CST">
      <class name="demo2020.demo1">
        <test-method status="PASS" signature="test1()[pri:0, instance:demo2020.demo1@1d16f93d]" name="test1" duration-ms="10" started-at="2020-11-25T10:28:41 CST" finished-at="2020-11-25T10:28:41 CST">
          <reporter-output>
          </reporter-output>
        </test-method> <!-- test1 -->
      </class> <!-- demo2020.demo1 -->
    </test> <!-- Default test -->
  </suite> <!-- Default suite -->
</testng-results>
